Determining if the include file argp.h exists failed with the following output:
Change Dir: C:/NextCloud/client-building/desktop/build/CMakeFiles/CMakeTmp

Run Build Command(s):C:/Program Files (x86)/Microsoft Visual Studio/2019/Professional/MSBuild/Current/Bin/MSBuild.exe cmTC_8be40.vcxproj /p:Configuration=Debug /p:Platform=x64 /p:VisualStudioVersion=16.0 /v:m && Microsoft (R) Build Engine version 16.11.2+f32259642 for .NET Framework
Copyright (C) Microsoft Corporation. All rights reserved.

  Microsoft (R) C/C++ Optimizing Compiler Version 19.29.30148 for x64
  Copyright (C) Microsoft Corporation.  All rights reserved.
  CheckIncludeFile.c
  cl /c /Zi /W1 /WX- /diagnostics:column /Od /Ob0 /D _MBCS /D WIN32 /D _WINDOWS /D _FILE_OFFSET_BITS=64 /D _CRT_SECURE_CPP_OVERLOAD_STANDARD_NAMES=1 /D _CRT_SECURE_CPP_OVERLOAD_STANDARD_NAMES_COUNT=1 /D _CRT_NONSTDC_NO_WARNINGS=1 /D _CRT_SECURE_NO_WARNINGS=1 /D "CMAKE_INTDIR=\"Debug\"" /Gm- /RTC1 /MDd /GS /fp:precise /Zc:wchar_t /Zc:forScope /Zc:inline /Fo"cmTC_8be40.dir\Debug\\" /Fd"cmTC_8be40.dir\Debug\vc142.pdb" /external:W1 /Gd /TC /errorReport:queue "C:\NextCloud\client-building\desktop\build\CMakeFiles\CMakeTmp\CheckIncludeFile.c"
C:\NextCloud\client-building\desktop\build\CMakeFiles\CMakeTmp\CheckIncludeFile.c(1,10): fatal error C1083: Cannot open include file: 'argp.h': No such file or directory [C:\NextCloud\client-building\desktop\build\CMakeFiles\CMakeTmp\cmTC_8be40.vcxproj]



Determining if the function nanosleep exists in the rt failed with the following output:
Change Dir: C:/NextCloud/client-building/desktop/build/CMakeFiles/CMakeTmp

Run Build Command(s):C:/Program Files (x86)/Microsoft Visual Studio/2019/Professional/MSBuild/Current/Bin/MSBuild.exe cmTC_08c10.vcxproj /p:Configuration=Debug /p:Platform=x64 /p:VisualStudioVersion=16.0 /v:m && Microsoft (R) Build Engine version 16.11.2+f32259642 for .NET Framework
Copyright (C) Microsoft Corporation. All rights reserved.

  Microsoft (R) C/C++ Optimizing Compiler Version 19.29.30148 for x64
  Copyright (C) Microsoft Corporation.  All rights reserved.
  CheckFunctionExists.c
  cl /c /Zi /W1 /WX- /diagnostics:column /Od /Ob0 /D _MBCS /D WIN32 /D _WINDOWS /D _FILE_OFFSET_BITS=64 /D _CRT_SECURE_CPP_OVERLOAD_STANDARD_NAMES=1 /D _CRT_SECURE_CPP_OVERLOAD_STANDARD_NAMES_COUNT=1 /D _CRT_NONSTDC_NO_WARNINGS=1 /D _CRT_SECURE_NO_WARNINGS=1 /D CHECK_FUNCTION_EXISTS=nanosleep /D "CMAKE_INTDIR=\"Debug\"" /Gm- /RTC1 /MDd /GS /fp:precise /Zc:wchar_t /Zc:forScope /Zc:inline /Fo"cmTC_08c10.dir\Debug\\" /Fd"cmTC_08c10.dir\Debug\vc142.pdb" /external:W1 /Gd /TC /errorReport:queue "C:\NextCloud\tools\cmake\share\cmake-3.21\Modules\CheckFunctionExists.c"
LINK : fatal error LNK1104: cannot open file 'rt.lib' [C:\NextCloud\client-building\desktop\build\CMakeFiles\CMakeTmp\cmTC_08c10.vcxproj]



Determining if the function argp_parse exists in the argp failed with the following output:
Change Dir: C:/NextCloud/client-building/desktop/build/CMakeFiles/CMakeTmp

Run Build Command(s):C:/Program Files (x86)/Microsoft Visual Studio/2019/Professional/MSBuild/Current/Bin/MSBuild.exe cmTC_7d54e.vcxproj /p:Configuration=Debug /p:Platform=x64 /p:VisualStudioVersion=16.0 /v:m && Microsoft (R) Build Engine version 16.11.2+f32259642 for .NET Framework
Copyright (C) Microsoft Corporation. All rights reserved.

  Microsoft (R) C/C++ Optimizing Compiler Version 19.29.30148 for x64
  Copyright (C) Microsoft Corporation.  All rights reserved.
  CheckFunctionExists.c
  cl /c /Zi /W1 /WX- /diagnostics:column /Od /Ob0 /D _MBCS /D WIN32 /D _WINDOWS /D _FILE_OFFSET_BITS=64 /D _CRT_SECURE_CPP_OVERLOAD_STANDARD_NAMES=1 /D _CRT_SECURE_CPP_OVERLOAD_STANDARD_NAMES_COUNT=1 /D _CRT_NONSTDC_NO_WARNINGS=1 /D _CRT_SECURE_NO_WARNINGS=1 /D CHECK_FUNCTION_EXISTS=argp_parse /D "CMAKE_INTDIR=\"Debug\"" /Gm- /RTC1 /MDd /GS /fp:precise /Zc:wchar_t /Zc:forScope /Zc:inline /Fo"cmTC_7d54e.dir\Debug\\" /Fd"cmTC_7d54e.dir\Debug\vc142.pdb" /external:W1 /Gd /TC /errorReport:queue "C:\NextCloud\tools\cmake\share\cmake-3.21\Modules\CheckFunctionExists.c"
LINK : fatal error LNK1104: cannot open file 'argp.lib' [C:\NextCloud\client-building\desktop\build\CMakeFiles\CMakeTmp\cmTC_7d54e.vcxproj]



Determining if the function utimes exists failed with the following output:
Change Dir: C:/NextCloud/client-building/desktop/build/CMakeFiles/CMakeTmp

Run Build Command(s):C:/Program Files (x86)/Microsoft Visual Studio/2019/Professional/MSBuild/Current/Bin/MSBuild.exe cmTC_2f858.vcxproj /p:Configuration=Debug /p:Platform=x64 /p:VisualStudioVersion=16.0 /v:m && Microsoft (R) Build Engine version 16.11.2+f32259642 for .NET Framework
Copyright (C) Microsoft Corporation. All rights reserved.

  Microsoft (R) C/C++ Optimizing Compiler Version 19.29.30148 for x64
  Copyright (C) Microsoft Corporation.  All rights reserved.
  CheckFunctionExists.c
  cl /c /Zi /W1 /WX- /diagnostics:column /Od /Ob0 /D _MBCS /D WIN32 /D _WINDOWS /D _FILE_OFFSET_BITS=64 /D _CRT_SECURE_CPP_OVERLOAD_STANDARD_NAMES=1 /D _CRT_SECURE_CPP_OVERLOAD_STANDARD_NAMES_COUNT=1 /D _CRT_NONSTDC_NO_WARNINGS=1 /D _CRT_SECURE_NO_WARNINGS=1 /D CHECK_FUNCTION_EXISTS=utimes /D "CMAKE_INTDIR=\"Debug\"" /Gm- /RTC1 /MDd /GS /fp:precise /Zc:wchar_t /Zc:forScope /Zc:inline /Fo"cmTC_2f858.dir\Debug\\" /Fd"cmTC_2f858.dir\Debug\vc142.pdb" /external:W1 /Gd /TC /errorReport:queue "C:\NextCloud\tools\cmake\share\cmake-3.21\Modules\CheckFunctionExists.c"
CheckFunctionExists.obj : error LNK2019: unresolved external symbol utimes referenced in function main [C:\NextCloud\client-building\desktop\build\CMakeFiles\CMakeTmp\cmTC_2f858.vcxproj]
C:\NextCloud\client-building\desktop\build\CMakeFiles\CMakeTmp\Debug\cmTC_2f858.exe : fatal error LNK1120: 1 unresolved externals [C:\NextCloud\client-building\desktop\build\CMakeFiles\CMakeTmp\cmTC_2f858.vcxproj]



Determining if the function lstat exists failed with the following output:
Change Dir: C:/NextCloud/client-building/desktop/build/CMakeFiles/CMakeTmp

Run Build Command(s):C:/Program Files (x86)/Microsoft Visual Studio/2019/Professional/MSBuild/Current/Bin/MSBuild.exe cmTC_0be66.vcxproj /p:Configuration=Debug /p:Platform=x64 /p:VisualStudioVersion=16.0 /v:m && Microsoft (R) Build Engine version 16.11.2+f32259642 for .NET Framework
Copyright (C) Microsoft Corporation. All rights reserved.

  Microsoft (R) C/C++ Optimizing Compiler Version 19.29.30148 for x64
  Copyright (C) Microsoft Corporation.  All rights reserved.
  CheckFunctionExists.c
  cl /c /Zi /W1 /WX- /diagnostics:column /Od /Ob0 /D _MBCS /D WIN32 /D _WINDOWS /D _FILE_OFFSET_BITS=64 /D _CRT_SECURE_CPP_OVERLOAD_STANDARD_NAMES=1 /D _CRT_SECURE_CPP_OVERLOAD_STANDARD_NAMES_COUNT=1 /D _CRT_NONSTDC_NO_WARNINGS=1 /D _CRT_SECURE_NO_WARNINGS=1 /D CHECK_FUNCTION_EXISTS=lstat /D "CMAKE_INTDIR=\"Debug\"" /Gm- /RTC1 /MDd /GS /fp:precise /Zc:wchar_t /Zc:forScope /Zc:inline /Fo"cmTC_0be66.dir\Debug\\" /Fd"cmTC_0be66.dir\Debug\vc142.pdb" /external:W1 /Gd /TC /errorReport:queue "C:\NextCloud\tools\cmake\share\cmake-3.21\Modules\CheckFunctionExists.c"
CheckFunctionExists.obj : error LNK2019: unresolved external symbol lstat referenced in function main [C:\NextCloud\client-building\desktop\build\CMakeFiles\CMakeTmp\cmTC_0be66.vcxproj]
C:\NextCloud\client-building\desktop\build\CMakeFiles\CMakeTmp\Debug\cmTC_0be66.exe : fatal error LNK1120: 1 unresolved externals [C:\NextCloud\client-building\desktop\build\CMakeFiles\CMakeTmp\cmTC_0be66.vcxproj]



Performing C++ SOURCE FILE Test COMPILER_HAS_DEPRECATED_ATTR failed with the following output:
Change Dir: C:/NextCloud/client-building/desktop/build/CMakeFiles/CMakeTmp

Run Build Command(s):C:/Program Files (x86)/Microsoft Visual Studio/2019/Professional/MSBuild/Current/Bin/MSBuild.exe cmTC_86125.vcxproj /p:Configuration=Debug /p:Platform=x64 /p:VisualStudioVersion=16.0 /v:m && Microsoft (R) Build Engine version 16.11.2+f32259642 for .NET Framework
Copyright (C) Microsoft Corporation. All rights reserved.

  Microsoft (R) C/C++ Optimizing Compiler Version 19.29.30148 for x64
  Copyright (C) Microsoft Corporation.  All rights reserved.
  src.cxx
  cl /c /Zi /W1 /WX- /diagnostics:column /Od /Ob0 /D _MBCS /D WIN32 /D _WINDOWS /D COMPILER_HAS_DEPRECATED_ATTR /D "CMAKE_INTDIR=\"Debug\"" /Gm- /EHsc /RTC1 /MDd /GS /fp:precise /Zc:wchar_t /Zc:forScope /Zc:inline /GR /std:c++17 /Fo"cmTC_86125.dir\Debug\\" /Fd"cmTC_86125.dir\Debug\vc142.pdb" /external:W1 /Gd /TP /errorReport:queue "C:\NextCloud\client-building\desktop\build\CMakeFiles\CMakeTmp\src.cxx"
C:\NextCloud\client-building\desktop\build\CMakeFiles\CMakeTmp\src.cxx(1,16): error C2065: '__deprecated__': undeclared identifier [C:\NextCloud\client-building\desktop\build\CMakeFiles\CMakeTmp\cmTC_86125.vcxproj]
C:\NextCloud\client-building\desktop\build\CMakeFiles\CMakeTmp\src.cxx(1,31): error C4430: missing type specifier - int assumed. Note: C++ does not support default-int [C:\NextCloud\client-building\desktop\build\CMakeFiles\CMakeTmp\cmTC_86125.vcxproj]
C:\NextCloud\client-building\desktop\build\CMakeFiles\CMakeTmp\src.cxx(1,33): error C2062: type 'int' unexpected [C:\NextCloud\client-building\desktop\build\CMakeFiles\CMakeTmp\cmTC_86125.vcxproj]
C:\NextCloud\client-building\desktop\build\CMakeFiles\CMakeTmp\src.cxx(1,48): error C2143: syntax error: missing ';' before '{' [C:\NextCloud\client-building\desktop\build\CMakeFiles\CMakeTmp\cmTC_86125.vcxproj]
C:\NextCloud\client-building\desktop\build\CMakeFiles\CMakeTmp\src.cxx(1,48): error C2447: '{': missing function header (old-style formal list?) [C:\NextCloud\client-building\desktop\build\CMakeFiles\CMakeTmp\cmTC_86125.vcxproj]
C:\NextCloud\client-building\desktop\build\CMakeFiles\CMakeTmp\src.cxx(2,25): error C3861: 'somefunc': identifier not found [C:\NextCloud\client-building\desktop\build\CMakeFiles\CMakeTmp\cmTC_86125.vcxproj]


Source file was:
__attribute__((__deprecated__)) int somefunc() { return 0; }
    int main() { return somefunc();}
